Arguments: 
  /Users/quantumlyy/.nvm/versions/node/v16.10.0/bin/node /Users/quantumlyy/.nvm/versions/node/v16.10.0/bin/yarn

PATH: 
  ~/Library/Python/3.9/bin:/Library/Frameworks/Python.framework/Versions/3.9/bin:/Applications/Visual Studio Code.app/Contents/Resources/app/bin:/opt/homebrew/opt/php@8.0/sbin:/opt/homebrew/opt/php@8.0/bin:/Users/quantumlyy/.nvm/versions/node/v16.10.0/bin:/opt/homebrew/bin:/opt/homebrew/sbin:/usr/local/bin:/usr/bin:/bin:/usr/sbin:/sbin:/usr/local/go/bin:/Library/Apple/usr/bin:~/Library/Python/3.9/bin:/Library/Frameworks/Python.framework/Versions/3.9/bin:/Applications/Visual Studio Code.app/Contents/Resources/app/bin:/opt/homebrew/opt/php@8.0/sbin:/opt/homebrew/opt/php@8.0/bin:/Users/quantumlyy/.nvm/versions/node/v16.10.0/bin:/opt/homebrew/bin:/opt/homebrew/sbin:/Users/quantumlyy/.local/bin:/Users/quantumlyy/.foundry/bin:/Users/quantumlyy/.local/bin:/Users/quantumlyy/.foundry/bin:/Users/quantumlyy/.local/bin

Yarn version: 
  1.22.18

Node version: 
  16.10.0

Platform: 
  darwin arm64

Trace: 
  SyntaxError: /Users/quantumlyy/Documents/Development/Koyo/koyo/package.json: Unexpected token } in JSON at position 1198
      at JSON.parse (<anonymous>)
      at /Users/quantumlyy/.nvm/versions/node/v16.10.0/lib/node_modules/yarn/lib/cli.js:1625:59
      at Generator.next (<anonymous>)
      at step (/Users/quantumlyy/.nvm/versions/node/v16.10.0/lib/node_modules/yarn/lib/cli.js:310:30)
      at /Users/quantumlyy/.nvm/versions/node/v16.10.0/lib/node_modules/yarn/lib/cli.js:321:13

npm manifest: 
  {
  	"name": "@koyofinance/koyo",
  	"version": "0.1.0",
  	"license": "MIT",
  	"private": false,
  	"scripts": {
  		"preinstall": "npm i -g ganache-cli@6.12.1",
  		"hardhat:compile": "hardhat compile",
  		"compile": "yarn hardhat:compile",
  		"postcompile": "yarn abis:clean",
  		"abis:clean": "fd \".*.json\" abis/ --exec bash -c 'jq \"map(del(.gas))\" {} | sponge {}'"
  	},
  	"types": "typechain/index.ts",
  	"main": "typechain/index.ts",
  	"files": [
  		"typechain",
  		"abis"
  	],
  	"dependencies": {
  		"@nomiclabs/hardhat-ethers": "^2.0.5",
  		"@nomiclabs/hardhat-vyper": "^3.0.0",
  		"@sapphire/ts-config": "3.2.0",
  		"@types/node": "^17.0.21",
  		"@typechain/ethers-v5": "^10.0.0",
  		"@typechain/hardhat": "^6.0.0",
  		"ethers": "^5.6.4",
  		"hardhat": "^2.9.1",
  		"hardhat-abi-exporter": "^2.9.0",
  		"ts-node": "^10.7.0",
  		"typechain": "^8.0.0",
  		"typescript": "^4.6.2"
  	},
  	"devDependencies": {
  		"@sapphire/eslint-config": "3.2.0",
  		"@typescript-eslint/eslint-plugin": "^5.14.0",
  		"@typescript-eslint/parser": "^5.14.0",
  		"ganache-cli": "6.12.1",
  		"prettier": "^2.6.2",
  		"prettier-plugin-solidity": "^1.0.0-beta.19",
  		"pretty-quick": "^3.1.3",
  		"rimraf": "^3.0.2",
  		"solhint-plugin-prettier": "^0.0.5",
  	}
  }

yarn manifest: 
  No manifest

Lockfile: 
  No lockfile
